# JRE version: OpenJDK Runtime Environment (8.0_242-b01) (build 1.8.0_242-release-1644-b01)
# Java VM: OpenJDK 64-Bit Server VM (25.242-b01 mixed mode windows-amd64 compressed oops)
Heap:
 PSYoungGen      total 201216K, used 48555K [0x00000000d5580000, 0x00000000e3800000, 0x0000000100000000)
  eden space 181248K, 15% used [0x00000000d5580000,0x00000000d7172a78,0x00000000e0680000)
  from space 19968K, 99% used [0x00000000e1d80000,0x00000000e30f8498,0x00000000e3100000)
  to   space 23552K, 0% used [0x00000000e0680000,0x00000000e0680000,0x00000000e1d80000)
 ParOldGen       total 148480K, used 41109K [0x0000000080000000, 0x0000000089100000, 0x00000000d5580000)
  object space 148480K, 27% used [0x0000000080000000,0x0000000082825720,0x0000000089100000)
 Metaspace       used 68524K, capacity 71590K, committed 71704K, reserved 1112064K
  class space    used 9350K, capacity 9933K, committed 10032K, reserved 1048576K
GC Heap History (10 events):
Event: 6.481 GC heap before
{Heap before GC invocations=13 (full 2):
 PSYoungGen      total 139264K, used 139247K [0x00000000d5580000, 0x00000000df380000, 0x0000000100000000)
  eden space 129024K, 100% used [0x00000000d5580000,0x00000000dd380000,0x00000000dd380000)
  from space 10240K, 99% used [0x00000000de980000,0x00000000df37bd90,0x00000000df380000)
  to   space 13312K, 0% used [0x00000000dd980000,0x00000000dd980000,0x00000000de680000)
 ParOldGen       total 93696K, used 17846K [0x0000000080000000, 0x0000000085b80000, 0x00000000d5580000)
  object space 93696K, 19% used [0x0000000080000000,0x000000008116dab8,0x0000000085b80000)
 Metaspace       used 52104K, capacity 53986K, committed 54312K, reserved 1095680K
  class space    used 6924K, capacity 7356K, committed 7472K, reserved 1048576K
Event: 6.498 GC heap after
Heap after GC invocations=13 (full 2):
 PSYoungGen      total 148480K, used 13308K [0x00000000d5580000, 0x00000000e1500000, 0x0000000100000000)
  eden space 135168K, 0% used [0x00000000d5580000,0x00000000d5580000,0x00000000dd980000)
  from space 13312K, 99% used [0x00000000dd980000,0x00000000de67f300,0x00000000de680000)
  to   space 17920K, 0% used [0x00000000e0380000,0x00000000e0380000,0x00000000e1500000)
 ParOldGen       total 93696K, used 26901K [0x0000000080000000, 0x0000000085b80000, 0x00000000d5580000)
  object space 93696K, 28% used [0x0000000080000000,0x0000000081a45498,0x0000000085b80000)
 Metaspace       used 52104K, capacity 53986K, committed 54312K, reserved 1095680K
  class space    used 6924K, capacity 7356K, committed 7472K, reserved 1048576K
}
Event: 7.273 GC heap before
{Heap before GC invocations=14 (full 2):
 PSYoungGen      total 148480K, used 95791K [0x00000000d5580000, 0x00000000e1500000, 0x0000000100000000)
  eden space 135168K, 61% used [0x00000000d5580000,0x00000000da60cb18,0x00000000dd980000)
  from space 13312K, 99% used [0x00000000dd980000,0x00000000de67f300,0x00000000de680000)
  to   space 17920K, 0% used [0x00000000e0380000,0x00000000e0380000,0x00000000e1500000)
 ParOldGen       total 93696K, used 26901K [0x0000000080000000, 0x0000000085b80000, 0x00000000d5580000)
  object space 93696K, 28% used [0x0000000080000000,0x0000000081a45498,0x0000000085b80000)
 Metaspace       used 56950K, capacity 59044K, committed 59160K, reserved 1099776K
  class space    used 7703K, capacity 8148K, committed 8240K, reserved 1048576K
Event: 7.290 GC heap after
Heap after GC invocations=14 (full 2):
 PSYoungGen      total 176128K, used 15981K [0x00000000d5580000, 0x00000000e2380000, 0x0000000100000000)
  eden space 158208K, 0% used [0x00000000d5580000,0x00000000d5580000,0x00000000df000000)
  from space 17920K, 89% used [0x00000000e0380000,0x00000000e131b498,0x00000000e1500000)
  to   space 19968K, 0% used [0x00000000df000000,0x00000000df000000,0x00000000e0380000)
 ParOldGen       total 93696K, used 33326K [0x0000000080000000, 0x0000000085b80000, 0x00000000d5580000)
  object space 93696K, 35% used [0x0000000080000000,0x000000008208b978,0x0000000085b80000)
 Metaspace       used 56950K, capacity 59044K, committed 59160K, reserved 1099776K
  class space    used 7703K, capacity 8148K, committed 8240K, reserved 1048576K
}
Event: 7.290 GC heap before
{Heap before GC invocations=15 (full 3):
 PSYoungGen      total 176128K, used 15981K [0x00000000d5580000, 0x00000000e2380000, 0x0000000100000000)
  eden space 158208K, 0% used [0x00000000d5580000,0x00000000d5580000,0x00000000df000000)
  from space 17920K, 89% used [0x00000000e0380000,0x00000000e131b498,0x00000000e1500000)
  to   space 19968K, 0% used [0x00000000df000000,0x00000000df000000,0x00000000e0380000)
 ParOldGen       total 93696K, used 33326K [0x0000000080000000, 0x0000000085b80000, 0x00000000d5580000)
  object space 93696K, 35% used [0x0000000080000000,0x000000008208b978,0x0000000085b80000)
 Metaspace       used 56950K, capacity 59044K, committed 59160K, reserved 1099776K
  class space    used 7703K, capacity 8148K, committed 8240K, reserved 1048576K
Event: 7.591 GC heap after
Heap after GC invocations=15 (full 3):
 PSYoungGen      total 176128K, used 0K [0x00000000d5580000, 0x00000000e2380000, 0x0000000100000000)
  eden space 158208K, 0% used [0x00000000d5580000,0x00000000d5580000,0x00000000df000000)
  from space 17920K, 0% used [0x00000000e0380000,0x00000000e0380000,0x00000000e1500000)
  to   space 19968K, 0% used [0x00000000df000000,0x00000000df000000,0x00000000e0380000)
 ParOldGen       total 148480K, used 37841K [0x0000000080000000, 0x0000000089100000, 0x00000000d5580000)
  object space 148480K, 25% used [0x0000000080000000,0x00000000824f4598,0x0000000089100000)
 Metaspace       used 56932K, capacity 58984K, committed 59160K, reserved 1099776K
  class space    used 7698K, capacity 8138K, committed 8240K, reserved 1048576K
}
Event: 9.792 GC heap before
{Heap before GC invocations=16 (full 3):
 PSYoungGen      total 176128K, used 158208K [0x00000000d5580000, 0x00000000e2380000, 0x0000000100000000)
  eden space 158208K, 100% used [0x00000000d5580000,0x00000000df000000,0x00000000df000000)
  from space 17920K, 0% used [0x00000000e0380000,0x00000000e0380000,0x00000000e1500000)
  to   space 19968K, 0% used [0x00000000df000000,0x00000000df000000,0x00000000e0380000)
 ParOldGen       total 148480K, used 37841K [0x0000000080000000, 0x0000000089100000, 0x00000000d5580000)
  object space 148480K, 25% used [0x0000000080000000,0x00000000824f4598,0x0000000089100000)
 Metaspace       used 63536K, capacity 65894K, committed 66072K, reserved 1105920K
  class space    used 8683K, capacity 9169K, committed 9264K, reserved 1048576K
Event: 9.815 GC heap after
Heap after GC invocations=16 (full 3):
 PSYoungGen      total 178176K, used 12357K [0x00000000d5580000, 0x00000000e3100000, 0x0000000100000000)
  eden space 158208K, 0% used [0x00000000d5580000,0x00000000d5580000,0x00000000df000000)
  from space 19968K, 61% used [0x00000000df000000,0x00000000dfc11758,0x00000000e0380000)
  to   space 19968K, 0% used [0x00000000e1d80000,0x00000000e1d80000,0x00000000e3100000)
 ParOldGen       total 148480K, used 37849K [0x0000000080000000, 0x0000000089100000, 0x00000000d5580000)
  object space 148480K, 25% used [0x0000000080000000,0x00000000824f6598,0x0000000089100000)
 Metaspace       used 63536K, capacity 65894K, committed 66072K, reserved 1105920K
  class space    used 8683K, capacity 9169K, committed 9264K, reserved 1048576K
}
Event: 11.469 GC heap before
{Heap before GC invocations=17 (full 3):
 PSYoungGen      total 178176K, used 170565K [0x00000000d5580000, 0x00000000e3100000, 0x0000000100000000)
  eden space 158208K, 100% used [0x00000000d5580000,0x00000000df000000,0x00000000df000000)
  from space 19968K, 61% used [0x00000000df000000,0x00000000dfc11758,0x00000000e0380000)
  to   space 19968K, 0% used [0x00000000e1d80000,0x00000000e1d80000,0x00000000e3100000)
 ParOldGen       total 148480K, used 37849K [0x0000000080000000, 0x0000000089100000, 0x00000000d5580000)
  object space 148480K, 25% used [0x0000000080000000,0x00000000824f6598,0x0000000089100000)
 Metaspace       used 68168K, capacity 71242K, committed 71448K, reserved 1110016K
  class space    used 9331K, capacity 9931K, committed 10032K, reserved 1048576K
Event: 11.493 GC heap after
Heap after GC invocations=17 (full 3):
 PSYoungGen      total 201216K, used 19937K [0x00000000d5580000, 0x00000000e3800000, 0x0000000100000000)
  eden space 181248K, 0% used [0x00000000d5580000,0x00000000d5580000,0x00000000e0680000)
  from space 19968K, 99% used [0x00000000e1d80000,0x00000000e30f8498,0x00000000e3100000)
  to   space 23552K, 0% used [0x00000000e0680000,0x00000000e0680000,0x00000000e1d80000)
 ParOldGen       total 148480K, used 41109K [0x0000000080000000, 0x0000000089100000, 0x00000000d5580000)
  object space 148480K, 27% used [0x0000000080000000,0x0000000082825720,0x0000000089100000)
 Metaspace       used 68168K, capacity 71242K, committed 71448K, reserved 1110016K
  class space    used 9331K, capacity 9931K, committed 10032K, reserved 1048576K
}

